# JRE version: OpenJDK Runtime Environment (11.0.13) (build 11.0.13+0-b1751.21-8125866)
# Java VM: OpenJDK 64-Bit Server VM (11.0.13+0-b1751.21-8125866, mixed mode, tiered, compressed oops, g1 gc, windows-amd64)
Heap:
 garbage-first heap   total 304128K, used 222566K [0x00000000a0000000, 0x0000000100000000)
  region size 1024K, 39 young (39936K), 10 survivors (10240K)
 Metaspace       used 106240K, capacity 110730K, committed 111056K, reserved 1144832K
  class space    used 13602K, capacity 15131K, committed 15232K, reserved 1048576K
GC Heap History (20 events):
Event: 85.543 GC heap before
{Heap before GC invocations=106 (full 0):
 garbage-first heap   total 278528K, used 257118K [0x00000000a0000000, 0x0000000100000000)
  region size 1024K, 14 young (14336K), 2 survivors (2048K)
 Metaspace       used 101658K, capacity 105674K, committed 105936K, reserved 1140736K
  class space    used 13072K, capacity 14438K, committed 14464K, reserved 1048576K
}
Event: 85.549 GC heap after
{Heap after GC invocations=107 (full 0):
 garbage-first heap   total 278528K, used 247591K [0x00000000a0000000, 0x0000000100000000)
  region size 1024K, 2 young (2048K), 2 survivors (2048K)
 Metaspace       used 101658K, capacity 105674K, committed 105936K, reserved 1140736K
  class space    used 13072K, capacity 14438K, committed 14464K, reserved 1048576K
}
Event: 86.239 GC heap before
{Heap before GC invocations=107 (full 0):
 garbage-first heap   total 278528K, used 253735K [0x00000000a0000000, 0x0000000100000000)
  region size 1024K, 14 young (14336K), 2 survivors (2048K)
 Metaspace       used 101733K, capacity 105760K, committed 105936K, reserved 1140736K
  class space    used 13074K, capacity 14441K, committed 14464K, reserved 1048576K
}
Event: 86.248 GC heap after
{Heap after GC invocations=108 (full 0):
 garbage-first heap   total 278528K, used 243130K [0x00000000a0000000, 0x0000000100000000)
  region size 1024K, 2 young (2048K), 2 survivors (2048K)
 Metaspace       used 101733K, capacity 105760K, committed 105936K, reserved 1140736K
  class space    used 13074K, capacity 14441K, committed 14464K, reserved 1048576K
}
Event: 86.673 GC heap before
{Heap before GC invocations=109 (full 0):
 garbage-first heap   total 278528K, used 254394K [0x00000000a0000000, 0x0000000100000000)
  region size 1024K, 14 young (14336K), 2 survivors (2048K)
 Metaspace       used 101793K, capacity 105826K, committed 105936K, reserved 1140736K
  class space    used 13074K, capacity 14441K, committed 14464K, reserved 1048576K
}
Event: 86.679 GC heap after
{Heap after GC invocations=110 (full 0):
 garbage-first heap   total 278528K, used 244035K [0x00000000a0000000, 0x0000000100000000)
  region size 1024K, 2 young (2048K), 2 survivors (2048K)
 Metaspace       used 101793K, capacity 105826K, committed 105936K, reserved 1140736K
  class space    used 13074K, capacity 14441K, committed 14464K, reserved 1048576K
}
Event: 87.602 GC heap before
{Heap before GC invocations=110 (full 0):
 garbage-first heap   total 278528K, used 255299K [0x00000000a0000000, 0x0000000100000000)
  region size 1024K, 13 young (13312K), 2 survivors (2048K)
 Metaspace       used 101845K, capacity 105865K, committed 105936K, reserved 1140736K
  class space    used 13080K, capacity 14453K, committed 14464K, reserved 1048576K
}
Event: 87.613 GC heap after
{Heap after GC invocations=111 (full 0):
 garbage-first heap   total 278528K, used 244459K [0x00000000a0000000, 0x0000000100000000)
  region size 1024K, 2 young (2048K), 2 survivors (2048K)
 Metaspace       used 101845K, capacity 105865K, committed 105936K, reserved 1140736K
  class space    used 13080K, capacity 14453K, committed 14464K, reserved 1048576K
}
Event: 88.691 GC heap before
{Heap before GC invocations=112 (full 0):
 garbage-first heap   total 278528K, used 213739K [0x00000000a0000000, 0x0000000100000000)
  region size 1024K, 13 young (13312K), 2 survivors (2048K)
 Metaspace       used 102225K, capacity 106208K, committed 106320K, reserved 1140736K
  class space    used 13120K, capacity 14498K, committed 14592K, reserved 1048576K
}
Event: 88.702 GC heap after
{Heap after GC invocations=113 (full 0):
 garbage-first heap   total 278528K, used 162366K [0x00000000a0000000, 0x0000000100000000)
  region size 1024K, 2 young (2048K), 2 survivors (2048K)
 Metaspace       used 102225K, capacity 106208K, committed 106320K, reserved 1140736K
  class space    used 13120K, capacity 14498K, committed 14592K, reserved 1048576K
}
Event: 91.355 GC heap before
{Heap before GC invocations=113 (full 0):
 garbage-first heap   total 278528K, used 228926K [0x00000000a0000000, 0x0000000100000000)
  region size 1024K, 41 young (41984K), 2 survivors (2048K)
 Metaspace       used 104309K, capacity 108425K, committed 108624K, reserved 1142784K
  class space    used 13390K, capacity 14799K, committed 14848K, reserved 1048576K
}
Event: 91.363 GC heap after
{Heap after GC invocations=114 (full 0):
 garbage-first heap   total 278528K, used 174837K [0x00000000a0000000, 0x0000000100000000)
  region size 1024K, 5 young (5120K), 5 survivors (5120K)
 Metaspace       used 104309K, capacity 108425K, committed 108624K, reserved 1142784K
  class space    used 13390K, capacity 14799K, committed 14848K, reserved 1048576K
}
Event: 91.529 GC heap before
{Heap before GC invocations=114 (full 0):
 garbage-first heap   total 299008K, used 297717K [0x00000000a0000000, 0x0000000100000000)
  region size 1024K, 6 young (6144K), 5 survivors (5120K)
 Metaspace       used 104366K, capacity 108524K, committed 108624K, reserved 1142784K
  class space    used 13398K, capacity 14832K, committed 14848K, reserved 1048576K
}
Event: 91.538 GC heap after
{Heap after GC invocations=115 (full 0):
 garbage-first heap   total 304128K, used 164751K [0x00000000a0000000, 0x0000000100000000)
  region size 1024K, 3 young (3072K), 3 survivors (3072K)
 Metaspace       used 104366K, capacity 108524K, committed 108624K, reserved 1142784K
  class space    used 13398K, capacity 14832K, committed 14848K, reserved 1048576K
}
Event: 449.409 GC heap before
{Heap before GC invocations=116 (full 0):
 garbage-first heap   total 304128K, used 219023K [0x00000000a0000000, 0x0000000100000000)
  region size 1024K, 56 young (57344K), 3 survivors (3072K)
 Metaspace       used 105131K, capacity 109290K, committed 109520K, reserved 1144832K
  class space    used 13490K, capacity 14925K, committed 14976K, reserved 1048576K
}
Event: 449.630 GC heap after
{Heap after GC invocations=117 (full 0):
 garbage-first heap   total 304128K, used 166432K [0x00000000a0000000, 0x0000000100000000)
  region size 1024K, 4 young (4096K), 4 survivors (4096K)
 Metaspace       used 105131K, capacity 109290K, committed 109520K, reserved 1144832K
  class space    used 13490K, capacity 14925K, committed 14976K, reserved 1048576K
}
Event: 452.483 GC heap before
{Heap before GC invocations=117 (full 0):
 garbage-first heap   total 304128K, used 252448K [0x00000000a0000000, 0x0000000100000000)
  region size 1024K, 88 young (90112K), 4 survivors (4096K)
 Metaspace       used 105581K, capacity 109882K, committed 110160K, reserved 1144832K
  class space    used 13527K, capacity 14992K, committed 15104K, reserved 1048576K
}
Event: 452.607 GC heap after
{Heap after GC invocations=118 (full 0):
 garbage-first heap   total 304128K, used 178351K [0x00000000a0000000, 0x0000000100000000)
  region size 1024K, 11 young (11264K), 11 survivors (11264K)
 Metaspace       used 105581K, capacity 109882K, committed 110160K, reserved 1144832K
  class space    used 13527K, capacity 14992K, committed 15104K, reserved 1048576K
}
Event: 455.090 GC heap before
{Heap before GC invocations=118 (full 0):
 garbage-first heap   total 304128K, used 241839K [0x00000000a0000000, 0x0000000100000000)
  region size 1024K, 74 young (75776K), 11 survivors (11264K)
 Metaspace       used 106108K, capacity 110560K, committed 110672K, reserved 1144832K
  class space    used 13587K, capacity 15103K, committed 15104K, reserved 1048576K
}
Event: 455.240 GC heap after
{Heap after GC invocations=119 (full 0):
 garbage-first heap   total 304128K, used 194918K [0x00000000a0000000, 0x0000000100000000)
  region size 1024K, 10 young (10240K), 10 survivors (10240K)
 Metaspace       used 106108K, capacity 110560K, committed 110672K, reserved 1144832K
  class space    used 13587K, capacity 15103K, committed 15104K, reserved 1048576K
}

