# JRE version: OpenJDK Runtime Environment (11.0.13) (build 11.0.13+0-b1751.21-8125866)
# Java VM: OpenJDK 64-Bit Server VM (11.0.13+0-b1751.21-8125866, mixed mode, tiered, compressed oops, g1 gc, windows-amd64)
Heap:
 garbage-first heap   total 63488K, used 10456K [0x00000000c3000000, 0x0000000100000000)
  region size 1024K, 1 young (1024K), 1 survivors (1024K)
 Metaspace       used 15351K, capacity 15633K, committed 15744K, reserved 1071104K
  class space    used 1745K, capacity 1872K, committed 1920K, reserved 1048576K
GC Heap History (8 events):
Event: 2.501 GC heap before
{Heap before GC invocations=0 (full 0):
 garbage-first heap   total 63488K, used 16384K [0x00000000c3000000, 0x0000000100000000)
  region size 1024K, 14 young (14336K), 0 survivors (0K)
 Metaspace       used 8387K, capacity 8615K, committed 8832K, reserved 1056768K
  class space    used 746K, capacity 824K, committed 896K, reserved 1048576K
}
Event: 2.521 GC heap after
{Heap after GC invocations=1 (full 0):
 garbage-first heap   total 63488K, used 3412K [0x00000000c3000000, 0x0000000100000000)
  region size 1024K, 2 young (2048K), 2 survivors (2048K)
 Metaspace       used 8387K, capacity 8615K, committed 8832K, reserved 1056768K
  class space    used 746K, capacity 824K, committed 896K, reserved 1048576K
}
Event: 3.522 GC heap before
{Heap before GC invocations=1 (full 0):
 garbage-first heap   total 63488K, used 15700K [0x00000000c3000000, 0x0000000100000000)
  region size 1024K, 11 young (11264K), 2 survivors (2048K)
 Metaspace       used 10587K, capacity 10852K, committed 11008K, reserved 1058816K
  class space    used 1068K, capacity 1167K, committed 1280K, reserved 1048576K
}
Event: 3.530 GC heap after
{Heap after GC invocations=2 (full 0):
 garbage-first heap   total 63488K, used 9533K [0x00000000c3000000, 0x0000000100000000)
  region size 1024K, 2 young (2048K), 2 survivors (2048K)
 Metaspace       used 10587K, capacity 10852K, committed 11008K, reserved 1058816K
  class space    used 1068K, capacity 1167K, committed 1280K, reserved 1048576K
}
Event: 6.596 GC heap before
{Heap before GC invocations=2 (full 0):
 garbage-first heap   total 63488K, used 25917K [0x00000000c3000000, 0x0000000100000000)
  region size 1024K, 18 young (18432K), 2 survivors (2048K)
 Metaspace       used 14395K, capacity 14686K, committed 14848K, reserved 1062912K
  class space    used 1641K, capacity 1770K, committed 1792K, reserved 1048576K
}
Event: 6.600 GC heap after
{Heap after GC invocations=3 (full 0):
 garbage-first heap   total 63488K, used 10338K [0x00000000c3000000, 0x0000000100000000)
  region size 1024K, 1 young (1024K), 1 survivors (1024K)
 Metaspace       used 14395K, capacity 14686K, committed 14848K, reserved 1062912K
  class space    used 1641K, capacity 1770K, committed 1792K, reserved 1048576K
}
Event: 41.264 GC heap before
{Heap before GC invocations=3 (full 0):
 garbage-first heap   total 63488K, used 10338K [0x00000000c3000000, 0x0000000100000000)
  region size 1024K, 3 young (3072K), 1 survivors (1024K)
 Metaspace       used 15351K, capacity 15633K, committed 15744K, reserved 1069056K
  class space    used 1745K, capacity 1872K, committed 1920K, reserved 1048576K
}
Event: 41.287 GC heap after
{Heap after GC invocations=4 (full 0):
 garbage-first heap   total 63488K, used 10456K [0x00000000c3000000, 0x0000000100000000)
  region size 1024K, 1 young (1024K), 1 survivors (1024K)
 Metaspace       used 15351K, capacity 15633K, committed 15744K, reserved 1069056K
  class space    used 1745K, capacity 1872K, committed 1920K, reserved 1048576K
}

