# JRE version: OpenJDK Runtime Environment (11.0.13) (build 11.0.13+0-b1751.21-8125866)
# Java VM: OpenJDK 64-Bit Server VM (11.0.13+0-b1751.21-8125866, mixed mode, tiered, compressed oops, g1 gc, windows-amd64)
Heap:
 garbage-first heap   total 279552K, used 175184K [0x00000000a0000000, 0x0000000100000000)
  region size 1024K, 11 young (11264K), 2 survivors (2048K)
 Metaspace       used 105219K, capacity 109423K, committed 109520K, reserved 1144832K
  class space    used 13489K, capacity 14912K, committed 14976K, reserved 1048576K
GC Heap History (20 events):
Event: 105.161 GC heap before
{Heap before GC invocations=139 (full 0):
 garbage-first heap   total 277504K, used 255206K [0x00000000a0000000, 0x0000000100000000)
  region size 1024K, 15 young (15360K), 2 survivors (2048K)
 Metaspace       used 101626K, capacity 105581K, committed 105680K, reserved 1140736K
  class space    used 13060K, capacity 14427K, committed 14464K, reserved 1048576K
}
Event: 105.173 GC heap after
{Heap after GC invocations=140 (full 0):
 garbage-first heap   total 277504K, used 244815K [0x00000000a0000000, 0x0000000100000000)
  region size 1024K, 2 young (2048K), 2 survivors (2048K)
 Metaspace       used 101626K, capacity 105581K, committed 105680K, reserved 1140736K
  class space    used 13060K, capacity 14427K, committed 14464K, reserved 1048576K
}
Event: 105.719 GC heap before
{Heap before GC invocations=141 (full 0):
 garbage-first heap   total 277504K, used 255055K [0x00000000a0000000, 0x0000000100000000)
  region size 1024K, 14 young (14336K), 2 survivors (2048K)
 Metaspace       used 101712K, capacity 105626K, committed 105680K, reserved 1140736K
  class space    used 13073K, capacity 14439K, committed 14464K, reserved 1048576K
}
Event: 105.727 GC heap after
{Heap after GC invocations=142 (full 0):
 garbage-first heap   total 277504K, used 245528K [0x00000000a0000000, 0x0000000100000000)
  region size 1024K, 2 young (2048K), 2 survivors (2048K)
 Metaspace       used 101712K, capacity 105626K, committed 105680K, reserved 1140736K
  class space    used 13073K, capacity 14439K, committed 14464K, reserved 1048576K
}
Event: 106.168 GC heap before
{Heap before GC invocations=142 (full 0):
 garbage-first heap   total 277504K, used 255768K [0x00000000a0000000, 0x0000000100000000)
  region size 1024K, 14 young (14336K), 2 survivors (2048K)
 Metaspace       used 101801K, capacity 105844K, committed 105936K, reserved 1140736K
  class space    used 13075K, capacity 14444K, committed 14464K, reserved 1048576K
}
Event: 106.175 GC heap after
{Heap after GC invocations=143 (full 0):
 garbage-first heap   total 277504K, used 246136K [0x00000000a0000000, 0x0000000100000000)
  region size 1024K, 2 young (2048K), 2 survivors (2048K)
 Metaspace       used 101801K, capacity 105844K, committed 105936K, reserved 1140736K
  class space    used 13075K, capacity 14444K, committed 14464K, reserved 1048576K
}
Event: 106.891 GC heap before
{Heap before GC invocations=143 (full 0):
 garbage-first heap   total 277504K, used 258424K [0x00000000a0000000, 0x0000000100000000)
  region size 1024K, 14 young (14336K), 2 survivors (2048K)
 Metaspace       used 101894K, capacity 105848K, committed 105936K, reserved 1140736K
  class space    used 13076K, capacity 14444K, committed 14464K, reserved 1048576K
}
Event: 106.901 GC heap after
{Heap after GC invocations=144 (full 0):
 garbage-first heap   total 277504K, used 247531K [0x00000000a0000000, 0x0000000100000000)
  region size 1024K, 2 young (2048K), 2 survivors (2048K)
 Metaspace       used 101894K, capacity 105848K, committed 105936K, reserved 1140736K
  class space    used 13076K, capacity 14444K, committed 14464K, reserved 1048576K
}
Event: 107.589 GC heap before
{Heap before GC invocations=145 (full 0):
 garbage-first heap   total 277504K, used 257771K [0x00000000a0000000, 0x0000000100000000)
  region size 1024K, 13 young (13312K), 2 survivors (2048K)
 Metaspace       used 101936K, capacity 105951K, committed 106192K, reserved 1140736K
  class space    used 13082K, capacity 14456K, committed 14464K, reserved 1048576K
}
Event: 107.594 GC heap after
{Heap after GC invocations=146 (full 0):
 garbage-first heap   total 277504K, used 247633K [0x00000000a0000000, 0x0000000100000000)
  region size 1024K, 1 young (1024K), 1 survivors (1024K)
 Metaspace       used 101936K, capacity 105951K, committed 106192K, reserved 1140736K
  class space    used 13082K, capacity 14456K, committed 14464K, reserved 1048576K
}
Event: 108.576 GC heap before
{Heap before GC invocations=146 (full 0):
 garbage-first heap   total 277504K, used 258897K [0x00000000a0000000, 0x0000000100000000)
  region size 1024K, 13 young (13312K), 1 survivors (1024K)
 Metaspace       used 102505K, capacity 106570K, committed 106832K, reserved 1142784K
  class space    used 13141K, capacity 14515K, committed 14592K, reserved 1048576K
}
Event: 108.582 GC heap after
{Heap after GC invocations=147 (full 0):
 garbage-first heap   total 277504K, used 249692K [0x00000000a0000000, 0x0000000100000000)
  region size 1024K, 2 young (2048K), 2 survivors (2048K)
 Metaspace       used 102505K, capacity 106570K, committed 106832K, reserved 1142784K
  class space    used 13141K, capacity 14515K, committed 14592K, reserved 1048576K
}
Event: 109.693 GC heap before
{Heap before GC invocations=148 (full 0):
 garbage-first heap   total 277504K, used 217948K [0x00000000a0000000, 0x0000000100000000)
  region size 1024K, 13 young (13312K), 2 survivors (2048K)
 Metaspace       used 103879K, capacity 107945K, committed 108112K, reserved 1142784K
  class space    used 13319K, capacity 14722K, committed 14848K, reserved 1048576K
}
Event: 109.701 GC heap after
{Heap after GC invocations=149 (full 0):
 garbage-first heap   total 277504K, used 166741K [0x00000000a0000000, 0x0000000100000000)
  region size 1024K, 1 young (1024K), 1 survivors (1024K)
 Metaspace       used 103879K, capacity 107945K, committed 108112K, reserved 1142784K
  class space    used 13319K, capacity 14722K, committed 14848K, reserved 1048576K
}
Event: 110.879 GC heap before
{Heap before GC invocations=149 (full 0):
 garbage-first heap   total 277504K, used 178005K [0x00000000a0000000, 0x0000000100000000)
  region size 1024K, 13 young (13312K), 1 survivors (1024K)
 Metaspace       used 104318K, capacity 108335K, committed 108624K, reserved 1142784K
  class space    used 13381K, capacity 14767K, committed 14848K, reserved 1048576K
}
Event: 110.887 GC heap after
{Heap after GC invocations=150 (full 0):
 garbage-first heap   total 277504K, used 167011K [0x00000000a0000000, 0x0000000100000000)
  region size 1024K, 2 young (2048K), 2 survivors (2048K)
 Metaspace       used 104318K, capacity 108335K, committed 108624K, reserved 1142784K
  class space    used 13381K, capacity 14767K, committed 14848K, reserved 1048576K
}
Event: 111.136 GC heap before
{Heap before GC invocations=150 (full 0):
 garbage-first heap   total 277504K, used 257123K [0x00000000a0000000, 0x0000000100000000)
  region size 1024K, 16 young (16384K), 2 survivors (2048K)
 Metaspace       used 104412K, capacity 108499K, committed 108624K, reserved 1142784K
  class space    used 13393K, capacity 14800K, committed 14848K, reserved 1048576K
}
Event: 111.143 GC heap after
{Heap after GC invocations=151 (full 0):
 garbage-first heap   total 277504K, used 175385K [0x00000000a0000000, 0x0000000100000000)
  region size 1024K, 2 young (2048K), 2 survivors (2048K)
 Metaspace       used 104412K, capacity 108499K, committed 108624K, reserved 1142784K
  class space    used 13393K, capacity 14800K, committed 14848K, reserved 1048576K
}
Event: 413.696 GC heap before
{Heap before GC invocations=152 (full 0):
 garbage-first heap   total 277504K, used 276761K [0x00000000a0000000, 0x0000000100000000)
  region size 1024K, 30 young (30720K), 2 survivors (2048K)
 Metaspace       used 105149K, capacity 109288K, committed 109520K, reserved 1144832K
  class space    used 13485K, capacity 14911K, committed 14976K, reserved 1048576K
}
Event: 414.212 GC heap after
{Heap after GC invocations=153 (full 0):
 garbage-first heap   total 279552K, used 166992K [0x00000000a0000000, 0x0000000100000000)
  region size 1024K, 2 young (2048K), 2 survivors (2048K)
 Metaspace       used 105149K, capacity 109288K, committed 109520K, reserved 1144832K
  class space    used 13485K, capacity 14911K, committed 14976K, reserved 1048576K
}

