Heap:
 garbage-first heap   total 195584K, used 160719K [0x00000000a0000000, 0x0000000100000000)
  region size 1024K, 16 young (16384K), 3 survivors (3072K)
 Metaspace       used 91779K, capacity 95707K, committed 95824K, reserved 1132544K
  class space    used 11956K, capacity 13234K, committed 13312K, reserved 1048576K
GC Heap History (20 events):
Event: 63.088 GC heap before
{Heap before GC invocations=119 (full 0):
 garbage-first heap   total 162816K, used 133261K [0x00000000a0000000, 0x0000000100000000)
  region size 1024K, 13 young (13312K), 2 survivors (2048K)
 Metaspace       used 82485K, capacity 85943K, committed 86224K, reserved 1124352K
  class space    used 10679K, capacity 11792K, committed 11904K, reserved 1048576K
}
Event: 63.096 GC heap after
{Heap after GC invocations=120 (full 0):
 garbage-first heap   total 162816K, used 122348K [0x00000000a0000000, 0x0000000100000000)
  region size 1024K, 1 young (1024K), 1 survivors (1024K)
 Metaspace       used 82485K, capacity 85943K, committed 86224K, reserved 1124352K
  class space    used 10679K, capacity 11792K, committed 11904K, reserved 1048576K
}
Event: 63.700 GC heap before
{Heap before GC invocations=121 (full 0):
 garbage-first heap   total 162816K, used 134636K [0x00000000a0000000, 0x0000000100000000)
  region size 1024K, 13 young (13312K), 1 survivors (1024K)
 Metaspace       used 83674K, capacity 87159K, committed 87504K, reserved 1124352K
  class space    used 10890K, capacity 12048K, committed 12160K, reserved 1048576K
}
Event: 63.707 GC heap after
{Heap after GC invocations=122 (full 0):
 garbage-first heap   total 195584K, used 122668K [0x00000000a0000000, 0x0000000100000000)
  region size 1024K, 1 young (1024K), 1 survivors (1024K)
 Metaspace       used 83674K, capacity 87159K, committed 87504K, reserved 1124352K
  class space    used 10890K, capacity 12048K, committed 12160K, reserved 1048576K
}
Event: 65.271 GC heap before
{Heap before GC invocations=122 (full 0):
 garbage-first heap   total 195584K, used 146220K [0x00000000a0000000, 0x0000000100000000)
  region size 1024K, 24 young (24576K), 1 survivors (1024K)
 Metaspace       used 86542K, capacity 90080K, committed 90320K, reserved 1128448K
  class space    used 11238K, capacity 12368K, committed 12416K, reserved 1048576K
}
Event: 65.280 GC heap after
{Heap after GC invocations=123 (full 0):
 garbage-first heap   total 195584K, used 124541K [0x00000000a0000000, 0x0000000100000000)
  region size 1024K, 3 young (3072K), 3 survivors (3072K)
 Metaspace       used 86542K, capacity 90080K, committed 90320K, reserved 1128448K
  class space    used 11238K, capacity 12368K, committed 12416K, reserved 1048576K
}
Event: 66.449 GC heap before
{Heap before GC invocations=124 (full 0):
 garbage-first heap   total 195584K, used 149117K [0x00000000a0000000, 0x0000000100000000)
  region size 1024K, 27 young (27648K), 3 survivors (3072K)
 Metaspace       used 88052K, capacity 91682K, committed 91856K, reserved 1128448K
  class space    used 11406K, capacity 12549K, committed 12672K, reserved 1048576K
}
Event: 66.461 GC heap after
{Heap after GC invocations=125 (full 0):
 garbage-first heap   total 195584K, used 126844K [0x00000000a0000000, 0x0000000100000000)
  region size 1024K, 4 young (4096K), 4 survivors (4096K)
 Metaspace       used 88052K, capacity 91682K, committed 91856K, reserved 1128448K
  class space    used 11406K, capacity 12549K, committed 12672K, reserved 1048576K
}
Event: 68.779 GC heap before
{Heap before GC invocations=125 (full 0):
 garbage-first heap   total 195584K, used 152444K [0x00000000a0000000, 0x0000000100000000)
  region size 1024K, 29 young (29696K), 4 survivors (4096K)
 Metaspace       used 88611K, capacity 92323K, committed 92368K, reserved 1128448K
  class space    used 11445K, capacity 12628K, committed 12672K, reserved 1048576K
}
Event: 68.800 GC heap after
{Heap after GC invocations=126 (full 0):
 garbage-first heap   total 195584K, used 134598K [0x00000000a0000000, 0x0000000100000000)
  region size 1024K, 4 young (4096K), 4 survivors (4096K)
 Metaspace       used 88611K, capacity 92323K, committed 92368K, reserved 1128448K
  class space    used 11445K, capacity 12628K, committed 12672K, reserved 1048576K
}
Event: 69.829 GC heap before
{Heap before GC invocations=127 (full 0):
 garbage-first heap   total 195584K, used 156102K [0x00000000a0000000, 0x0000000100000000)
  region size 1024K, 26 young (26624K), 4 survivors (4096K)
 Metaspace       used 88961K, capacity 92701K, committed 93008K, reserved 1130496K
  class space    used 11487K, capacity 12706K, committed 12800K, reserved 1048576K
}
Event: 69.847 GC heap after
{Heap after GC invocations=128 (full 0):
 garbage-first heap   total 195584K, used 140288K [0x00000000a0000000, 0x0000000100000000)
  region size 1024K, 4 young (4096K), 4 survivors (4096K)
 Metaspace       used 88961K, capacity 92701K, committed 93008K, reserved 1130496K
  class space    used 11487K, capacity 12706K, committed 12800K, reserved 1048576K
}
Event: 70.754 GC heap before
{Heap before GC invocations=128 (full 0):
 garbage-first heap   total 195584K, used 159744K [0x00000000a0000000, 0x0000000100000000)
  region size 1024K, 23 young (23552K), 4 survivors (4096K)
 Metaspace       used 89590K, capacity 93273K, committed 93520K, reserved 1130496K
  class space    used 11567K, capacity 12764K, committed 12800K, reserved 1048576K
}
Event: 70.767 GC heap after
{Heap after GC invocations=129 (full 0):
 garbage-first heap   total 195584K, used 143727K [0x00000000a0000000, 0x0000000100000000)
  region size 1024K, 3 young (3072K), 3 survivors (3072K)
 Metaspace       used 89590K, capacity 93273K, committed 93520K, reserved 1130496K
  class space    used 11567K, capacity 12764K, committed 12800K, reserved 1048576K
}
Event: 72.105 GC heap before
{Heap before GC invocations=130 (full 0):
 garbage-first heap   total 195584K, used 161135K [0x00000000a0000000, 0x0000000100000000)
  region size 1024K, 21 young (21504K), 3 survivors (3072K)
 Metaspace       used 90754K, capacity 94617K, committed 94800K, reserved 1130496K
  class space    used 11786K, capacity 13041K, committed 13056K, reserved 1048576K
}
Event: 72.117 GC heap after
{Heap after GC invocations=131 (full 0):
 garbage-first heap   total 195584K, used 145981K [0x00000000a0000000, 0x0000000100000000)
  region size 1024K, 3 young (3072K), 3 survivors (3072K)
 Metaspace       used 90754K, capacity 94617K, committed 94800K, reserved 1130496K
  class space    used 11786K, capacity 13041K, committed 13056K, reserved 1048576K
}
Event: 72.922 GC heap before
{Heap before GC invocations=131 (full 0):
 garbage-first heap   total 195584K, used 163389K [0x00000000a0000000, 0x0000000100000000)
  region size 1024K, 20 young (20480K), 3 survivors (3072K)
 Metaspace       used 90969K, capacity 94824K, committed 94928K, reserved 1130496K
  class space    used 11821K, capacity 13088K, committed 13184K, reserved 1048576K
}
Event: 72.932 GC heap after
{Heap after GC invocations=132 (full 0):
 garbage-first heap   total 195584K, used 147475K [0x00000000a0000000, 0x0000000100000000)
  region size 1024K, 2 young (2048K), 2 survivors (2048K)
 Metaspace       used 90969K, capacity 94824K, committed 94928K, reserved 1130496K
  class space    used 11821K, capacity 13088K, committed 13184K, reserved 1048576K
}
Event: 73.942 GC heap before
{Heap before GC invocations=133 (full 0):
 garbage-first heap   total 195584K, used 164883K [0x00000000a0000000, 0x0000000100000000)
  region size 1024K, 19 young (19456K), 2 survivors (2048K)
 Metaspace       used 91032K, capacity 94908K, committed 95184K, reserved 1132544K
  class space    used 11829K, capacity 13094K, committed 13184K, reserved 1048576K
}
Event: 73.948 GC heap after
{Heap after GC invocations=134 (full 0):
 garbage-first heap   total 195584K, used 148431K [0x00000000a0000000, 0x0000000100000000)
  region size 1024K, 3 young (3072K), 3 survivors (3072K)
 Metaspace       used 91032K, capacity 94908K, committed 95184K, reserved 1132544K
  class space    used 11829K, capacity 13094K, committed 13184K, reserved 1048576K
}

